<?xml version="1.0" encoding="UTF-8"?>
<testng-results ignored="0" total="2" passed="2" failed="0" skipped="0">
  <reporter-output>
  </reporter-output>
  <suite started-at="2025-11-21T22:18:48 IST" name="Suite" finished-at="2025-11-21T22:18:59 IST" duration-ms="11574">
    <groups>
    </groups>
    <test started-at="2025-11-21T22:18:48 IST" name="Test" finished-at="2025-11-21T22:18:59 IST" duration-ms="11574">
      <class name="Tests.DispensaryTest">
        <test-method is-config="true" signature="setup()[pri:0, instance:Tests.DispensaryTest@62ddbd7e]" started-at="2025-11-21T22:18:48 IST" name="setup" finished-at="2025-11-21T22:18:51 IST" duration-ms="3250" status="PASS">
          <reporter-output>
          </reporter-output>
        </test-method> <!-- setup -->
        <test-method signature="DispensaryTest()[pri:0, instance:Tests.DispensaryTest@62ddbd7e]" started-at="2025-11-21T22:18:51 IST" name="DispensaryTest" finished-at="2025-11-21T22:18:54 IST" duration-ms="2939" status="PASS">
          <reporter-output>
          </reporter-output>
        </test-method> <!-- DispensaryTest -->
        <test-method is-config="true" signature="teardown()[pri:0, instance:Tests.DispensaryTest@62ddbd7e]" started-at="2025-11-21T22:18:54 IST" name="teardown" finished-at="2025-11-21T22:18:54 IST" duration-ms="488" status="PASS">
          <reporter-output>
          </reporter-output>
        </test-method> <!-- teardown -->
      </class> <!-- Tests.DispensaryTest -->
      <class name="Tests.SocialService">
        <test-method is-config="true" signature="setup()[pri:0, instance:Tests.SocialService@3857f613]" started-at="2025-11-21T22:18:54 IST" name="setup" finished-at="2025-11-21T22:18:56 IST" duration-ms="1935" status="PASS">
          <reporter-output>
          </reporter-output>
        </test-method> <!-- setup -->
        <test-method signature="SocialService()[pri:0, instance:Tests.SocialService@3857f613]" started-at="2025-11-21T22:18:56 IST" name="SocialService" finished-at="2025-11-21T22:18:59 IST" duration-ms="2622" status="PASS">
          <reporter-output>
          </reporter-output>
        </test-method> <!-- SocialService -->
        <test-method is-config="true" signature="teardown()[pri:0, instance:Tests.SocialService@3857f613]" started-at="2025-11-21T22:18:59 IST" name="teardown" finished-at="2025-11-21T22:18:59 IST" duration-ms="281" status="PASS">
          <reporter-output>
          </reporter-output>
        </test-method> <!-- teardown -->
      </class> <!-- Tests.SocialService -->
    </test> <!-- Test -->
  </suite> <!-- Suite -->
</testng-results>
