<?xml version="1.0" encoding="UTF-8"?>
<!-- Generated by org.testng.reporters.JUnitReportReporter -->
<testsuite hostname="Siddharth" failures="0" tests="3" name="Tests.SocialService" time="13.781" errors="0" timestamp="2025-11-22T10:56:24 IST" skipped="0">
  <testcase classname="Tests.SocialService" name="SocialService" time="6.925"/>
  <testcase classname="Tests.SocialService" name="SocialService" time="2.920"/>
  <testcase classname="Tests.SocialService" name="SocialService" time="3.936"/>
</testsuite> <!-- Tests.SocialService -->
