<?xml version="1.0" encoding="UTF-8"?>
<!-- Generated by org.testng.reporters.JUnitReportReporter -->
<testsuite hostname="Siddharth" failures="0" tests="3" name="Tests.DispensaryTest" time="18.010" errors="0" timestamp="2025-11-22T10:56:24 IST" skipped="0">
  <testcase classname="Tests.DispensaryTest" name="DispensaryTest" time="5.520"/>
  <testcase classname="Tests.DispensaryTest" name="DispensaryTest" time="6.858"/>
  <testcase classname="Tests.DispensaryTest" name="DispensaryTest" time="5.632"/>
</testsuite> <!-- Tests.DispensaryTest -->
